<html>
<body>
<pre>
<h1>Vision Build Log</h1>
<h2>Tool Versions:</h2>
IDE-Version: μVision V5.18a
Copyright (C) 2016 ARM Ltd and ARM Germany GmbH. All rights reserved.
License Information: 11 11, 11, LIC=RC9QD-8ZWJP-LCXJF-6Q09Q-6DJAQ-9GK0U
 
Tool Versions:
Toolchain:       MDK-ARM Standard  Version: 5.18a
Toolchain Path:  H:\Install\ARM\ARMCC\Bin
C Compiler:      Armcc.exe V5.06 update 1 (build 61)
Assembler:       Armasm.exe V5.06 update 1 (build 61)
Linker/Locator:  ArmLink.exe V5.06 update 1 (build 61)
Library Manager: ArmAr.exe V5.06 update 1 (build 61)
Hex Converter:   FromElf.exe V5.06 update 1 (build 61)
CPU DLL:         SARMCM3.DLL V5.18a
Dialog DLL:      DARMSTM.DLL V1.65.0.0
Target DLL:      Segger\JL2CM3.dll V2.99.19.0
Dialog DLL:      TARMSTM.DLL V1.64.0.0
 
<h2>Project:</h2>
D:\卢杰的学习资料都在这里\嵌入式综合课程设计\ucos2移植\ucosii\Project\RVMDK（uv4）\iSO-STM32.uvprojx
Project File Date:  09/04/2016

<h2>Output:</h2>
*** Using Compiler 'V5.06 update 1 (build 61)', folder: 'H:\Install\ARM\ARMCC\Bin'
Build target 'os__stm32'
compiling IMU.c...
..\..\BSP\HMC5883L\HMC5883L.h(11): warning:  #1-D: last line of file ends without a newline
  #endif
..\..\BSP\IMU\IMU.c(32): warning:  #223-D: function "MPU6050_Read" declared implicitly
  	MPU6050_Read();
..\..\BSP\IMU\IMU.c(33): warning:  #223-D: function "MPU6050_Dataanl" declared implicitly
  	MPU6050_Dataanl();
..\..\BSP\IMU\IMU.c(35): error:  #20: identifier "MPU6050_ACC_LAST" is undefined
  	ACC_X_BUF[filter_cnt] = MPU6050_ACC_LAST.X;//???禄动窗?????
..\..\BSP\IMU\IMU.c(59): error:  #20: identifier "MPU6050_GYRO_LAST" is undefined
  	Gyro_x=MPU6050_GYRO_LAST.X/32.8;
..\..\BSP\IMU\IMU.c(54): warning:  #177-D: variable "q" was declared but never referenced
    static int q=0,i=0;
..\..\BSP\IMU\IMU.c(54): warning:  #177-D: variable "i" was declared but never referenced
    static int q=0,i=0;
..\..\BSP\IMU\IMU.c(180): warning:  #223-D: function "OSMutexPend" declared implicitly
  	OSMutexPend (ANGLE,0, &errANGLE);
..\..\BSP\IMU\IMU.c(201): warning:  #223-D: function "OSMutexPost" declared implicitly
  	OSMutexPost (ANGLE);
..\..\BSP\IMU\IMU.c: 7 warnings, 2 errors
"..\..\Output\ucosii.axf" - 2 Error(s), 7 Warning(s).

<h2>Collection of Component include folders:</h2>
  D:\卢杰的学习资料都在这里\嵌入式综合课程设计\ucos2移植\ucosii\Project\RVMDK（uv4）\RTE
  H:\Install\ARM\PACK\Keil\STM32F1xx_DFP\2.1.0\Device\Include

<h2>Collection of Component Files used:</h2>
Target not created.
Build Time Elapsed:  00:00:01
</pre>
</body>
</html>
